<?xml version="1.0" encoding="UTF-8"?>
<!-- Generated by org.testng.reporters.JUnitXMLReporter -->
<testsuite hostname="DESKTOP-G24M896" ignored="10" name="Test" tests="1" failures="0" timestamp="2019-11-07T23:50:05 IST" time="71.897" errors="0">
  <testcase name="CreateLeads" time="57.442" classname="com.odoo.scripts.SalesTest"/>
  <testcase name="editCustomer" time="0.0" classname="com.odoo.scripts.SalesTest">
    <ignored/>
  </testcase> <!-- editCustomer -->
  <testcase name="ShiftPipeline" time="0.0" classname="com.odoo.scripts.SalesTest">
    <ignored/>
  </testcase> <!-- ShiftPipeline -->
  <testcase name="CreateDuplicateCustomer" time="0.0" classname="com.odoo.scripts.SalesTest">
    <ignored/>
  </testcase> <!-- CreateDuplicateCustomer -->
  <testcase name="createCustomer" time="0.0" classname="com.odoo.scripts.SalesTest">
    <ignored/>
  </testcase> <!-- createCustomer -->
  <testcase name="DeleteAllOpportunities" time="0.0" classname="com.odoo.scripts.SalesTest">
    <ignored/>
  </testcase> <!-- DeleteAllOpportunities -->
  <testcase name="DeleteDuplicateCustomer" time="0.0" classname="com.odoo.scripts.SalesTest">
    <ignored/>
  </testcase> <!-- DeleteDuplicateCustomer -->
  <testcase name="CreatePipeline" time="0.0" classname="com.odoo.scripts.SalesTest">
    <ignored/>
  </testcase> <!-- CreatePipeline -->
  <testcase name="CreateSalesTeam" time="0.0" classname="com.odoo.scripts.SalesTest">
    <ignored/>
  </testcase> <!-- CreateSalesTeam -->
  <testcase name="DeleteAllCustomer" time="0.0" classname="com.odoo.scripts.SalesTest">
    <ignored/>
  </testcase> <!-- DeleteAllCustomer -->
  <testcase name="createCustomerImport" time="0.0" classname="com.odoo.scripts.SalesTest">
    <ignored/>
  </testcase> <!-- createCustomerImport -->
</testsuite> <!-- Test -->
