<?xml version="1.0" encoding="UTF-8"?>
<testng-results skipped="0" failed="0" ignored="10" total="11" passed="1">
  <reporter-output>
  </reporter-output>
  <suite name="Suite" duration-ms="71897" started-at="2019-11-07T23:48:53 IST" finished-at="2019-11-07T23:50:05 IST">
    <groups>
    </groups>
    <test name="Test" duration-ms="71897" started-at="2019-11-07T23:48:53 IST" finished-at="2019-11-07T23:50:05 IST">
      <class name="com.odoo.scripts.SalesTest">
        <test-method status="PASS" signature="setUp()[pri:0, instance:com.odoo.scripts.SalesTest@7a356a0d]" name="setUp" is-config="true" duration-ms="776" started-at="2019-11-07T23:49:03 IST" finished-at="2019-11-07T23:49:03 IST">
          <reporter-output>
          </reporter-output>
        </test-method> <!-- setUp -->
        <test-method status="PASS" signature="preCondition()[pri:0, instance:com.odoo.scripts.SalesTest@7a356a0d]" name="preCondition" is-config="true" duration-ms="3641" started-at="2019-11-07T23:49:03 IST" finished-at="2019-11-07T23:49:07 IST">
          <reporter-output>
          </reporter-output>
        </test-method> <!-- preCondition -->
        <test-method status="PASS" signature="CreateLeads()[pri:0, instance:com.odoo.scripts.SalesTest@7a356a0d]" name="CreateLeads" duration-ms="57442" started-at="2019-11-07T23:49:07 IST" finished-at="2019-11-07T23:50:05 IST">
          <reporter-output>
          </reporter-output>
        </test-method> <!-- CreateLeads -->
        <test-method status="PASS" signature="postCondition()[pri:0, instance:com.odoo.scripts.SalesTest@7a356a0d]" name="postCondition" is-config="true" duration-ms="2" started-at="2019-11-07T23:50:05 IST" finished-at="2019-11-07T23:50:05 IST">
          <reporter-output>
          </reporter-output>
        </test-method> <!-- postCondition -->
      </class> <!-- com.odoo.scripts.SalesTest -->
    </test> <!-- Test -->
  </suite> <!-- Suite -->
</testng-results>
